# JRE version: OpenJDK Runtime Environment (11.0.23+9) (build 11.0.23+9-post-Ubuntu-1ubuntu122.04.1)
# Java VM: OpenJDK 64-Bit Server VM (11.0.23+9-post-Ubuntu-1ubuntu122.04.1, mixed mode, sharing, tiered, compressed oops, g1 gc, linux-amd64)
Heap:
 garbage-first heap   total 258048K, used 60013K [0x0000000707400000, 0x0000000800000000)
  region size 1024K, 50 young (51200K), 4 survivors (4096K)
 Metaspace       used 42581K, capacity 43484K, committed 43728K, reserved 1087488K
  class space    used 5309K, capacity 5701K, committed 5760K, reserved 1048576K
GC Heap History (8 events):
Event: 1,127 GC heap before
{Heap before GC invocations=0 (full 0):
 garbage-first heap   total 258048K, used 28368K [0x0000000707400000, 0x0000000800000000)
  region size 1024K, 24 young (24576K), 0 survivors (0K)
 Metaspace       used 15371K, capacity 16060K, committed 16384K, reserved 1062912K
  class space    used 1738K, capacity 2028K, committed 2048K, reserved 1048576K
}
Event: 1,133 GC heap after
{Heap after GC invocations=1 (full 0):
 garbage-first heap   total 258048K, used 8736K [0x0000000707400000, 0x0000000800000000)
  region size 1024K, 3 young (3072K), 3 survivors (3072K)
 Metaspace       used 15371K, capacity 16060K, committed 16384K, reserved 1062912K
  class space    used 1738K, capacity 2028K, committed 2048K, reserved 1048576K
}
Event: 1,348 GC heap before
{Heap before GC invocations=1 (full 0):
 garbage-first heap   total 258048K, used 24096K [0x0000000707400000, 0x0000000800000000)
  region size 1024K, 19 young (19456K), 3 survivors (3072K)
 Metaspace       used 20332K, capacity 21019K, committed 21296K, reserved 1067008K
  class space    used 2559K, capacity 2872K, committed 2944K, reserved 1048576K
}
Event: 1,353 GC heap after
{Heap after GC invocations=2 (full 0):
 garbage-first heap   total 258048K, used 9756K [0x0000000707400000, 0x0000000800000000)
  region size 1024K, 4 young (4096K), 4 survivors (4096K)
 Metaspace       used 20332K, capacity 21019K, committed 21296K, reserved 1067008K
  class space    used 2559K, capacity 2872K, committed 2944K, reserved 1048576K
}
Event: 1,789 GC heap before
{Heap before GC invocations=3 (full 0):
 garbage-first heap   total 258048K, used 36380K [0x0000000707400000, 0x0000000800000000)
  region size 1024K, 30 young (30720K), 4 survivors (4096K)
 Metaspace       used 30540K, capacity 31343K, committed 31536K, reserved 1077248K
  class space    used 3805K, capacity 4157K, committed 4224K, reserved 1048576K
}
Event: 1,798 GC heap after
{Heap after GC invocations=4 (full 0):
 garbage-first heap   total 258048K, used 12951K [0x0000000707400000, 0x0000000800000000)
  region size 1024K, 4 young (4096K), 4 survivors (4096K)
 Metaspace       used 30540K, capacity 31343K, committed 31536K, reserved 1077248K
  class space    used 3805K, capacity 4157K, committed 4224K, reserved 1048576K
}
Event: 1,972 GC heap before
{Heap before GC invocations=4 (full 0):
 garbage-first heap   total 258048K, used 27287K [0x0000000707400000, 0x0000000800000000)
  region size 1024K, 19 young (19456K), 4 survivors (4096K)
 Metaspace       used 34974K, capacity 35730K, committed 35920K, reserved 1081344K
  class space    used 4436K, capacity 4765K, committed 4864K, reserved 1048576K
}
Event: 1,978 GC heap after
{Heap after GC invocations=5 (full 0):
 garbage-first heap   total 258048K, used 13933K [0x0000000707400000, 0x0000000800000000)
  region size 1024K, 4 young (4096K), 4 survivors (4096K)
 Metaspace       used 34974K, capacity 35730K, committed 35920K, reserved 1081344K
  class space    used 4436K, capacity 4765K, committed 4864K, reserved 1048576K
}

